#
# A fatal error has been detected by the Java Runtime Environment:
#
#  EXCEPTION_ACCESS_VIOLATION (0xc0000005) at pc=0x00000000522105f3, pid=11632, tid=0x00000000000031fc
#
# JRE version: OpenJDK Runtime Environment (8.0_202-b03) (build 1.8.0_202-release-1483-b03)
# Java VM: OpenJDK 64-Bit Server VM (25.202-b03 mixed mode windows-amd64 compressed oops)
# Problematic frame:
# V  [jvm.dll+0x4905f3]
#
# Failed to write core dump. Minidumps are not enabled by default on client versions of Windows
#
# If you would like to submit a bug report, please visit:
#   http://bugreport.java.com/bugreport/crash.jsp
#

---------------  T H R E A D  ---------------

Current thread (0x000000001604d800):  JavaThread "C2 CompilerThread0" daemon [_thread_in_native, id=12796, stack(0x00000000176c0000,0x00000000177c0000)]

siginfo: ExceptionCode=0xc0000005, reading address 0xffffffffffffffff

Registers:
RAX=0x000200001b9c96d8, RBX=0x000000002316f518, RCX=0x000000002316f518, RDX=0x000000002316f5d8
RSP=0x00000000177bb590, RBP=0x00000000177bb5d0, RSI=0x0000000000000b7c, RDI=0x0000000000000000
R8 =0x000000002316f5e8, R9 =0x000000001b6bed00, R10=0x0000000020bc3680, R11=0x0000000000000001
R12=0x0000000000000116, R13=0x00000000177bba90, R14=0x000000002316f4b0, R15=0x0000000000000000
RIP=0x00000000522105f3, EFLAGS=0x0000000000010287

Top of Stack: (sp=0x00000000177bb590)
0x00000000177bb590:   000000001b9c8da8 000000001b9c8ae8
0x00000000177bb5a0:   0000000000000b7b 0000000000000010
0x00000000177bb5b0:   0000146000000116 0000000000000000
0x00000000177bb5c0:   0000000000000007 000000002874cee0
0x00000000177bb5d0:   0000000016017a00 000000001b546a50
0x00000000177bb5e0:   0000000016017a00 0000000000000000
0x00000000177bb5f0:   00000000177bb700 0000000052212598
0x00000000177bb600:   00000000177bba90 0000000000000003
0x00000000177bb610:   00000000177bbab0 0000000052239eca
0x00000000177bb620:   000000001b546aa0 000000001b54ea38
0x00000000177bb630:   0000000000227b68 0000000000020010
0x00000000177bb640:   0000000000000000 0000000000000000
0x00000000177bb650:   00000000000003ff 00000000523bb358
0x00000000177bb660:   0000000016017a00 00007ffa00000002
0x00000000177bb670:   000000001b546aa0 0000000000000003
0x00000000177bb680:   000000001b546a50 0000000000020020 

Instructions: (pc=0x00000000522105f3)
0x00000000522105d3:   75 67 48 8b 53 10 8b 43 20 4c 8d 04 c2 49 3b d0
0x00000000522105e3:   73 57 66 66 66 0f 1f 84 00 00 00 00 00 48 8b 02
0x00000000522105f3:   8b 48 28 41 8b 04 89 85 c0 74 0a a8 01 75 06 d1
0x0000000052210603:   e8 3b c6 7c 0b 48 83 c2 08 49 3b d0 72 df eb 29 


Register to memory mapping:

RAX=0x000200001b9c96d8 is an unknown value
RBX=0x000000002316f518 is an unknown value
RCX=0x000000002316f518 is an unknown value
RDX=0x000000002316f5d8 is an unknown value
RSP=0x00000000177bb590 is pointing into the stack for thread: 0x000000001604d800
RBP=0x00000000177bb5d0 is pointing into the stack for thread: 0x000000001604d800
RSI=0x0000000000000b7c is an unknown value
RDI=0x0000000000000000 is an unknown value
R8 =0x000000002316f5e8 is an unknown value
R9 =0x000000001b6bed00 is an unknown value
R10=0x0000000020bc3680 is an unknown value
R11=0x0000000000000001 is an unknown value
R12=0x0000000000000116 is an unknown value
R13=0x00000000177bba90 is pointing into the stack for thread: 0x000000001604d800
R14=0x000000002316f4b0 is an unknown value
R15=0x0000000000000000 is an unknown value


Stack: [0x00000000176c0000,0x00000000177c0000],  sp=0x00000000177bb590,  free space=1005k
Native frames: (J=compiled Java code, j=interpreted, Vv=VM code, C=native code)
V  [jvm.dll+0x4905f3]
V  [jvm.dll+0x492598]
V  [jvm.dll+0x442ddc]
V  [jvm.dll+0x444224]
V  [jvm.dll+0x4273d2]
V  [jvm.dll+0x8215f]
V  [jvm.dll+0x82abf]
V  [jvm.dll+0x21db7f]
V  [jvm.dll+0x26f5ba]
C  [msvcr100.dll+0x21d9f]
C  [msvcr100.dll+0x21e3b]
C  [KERNEL32.DLL+0x17bd4]
C  [ntdll.dll+0x6ced1]


Current CompileTask:
C2:6712762 20654       4       com.android.tools.r8.ir.regalloc.LinearScanRegisterAllocator::a (1738 bytes)


---------------  P R O C E S S  ---------------

Java Threads: ( => current thread )
  0x000000001f222800 JavaThread "WorkerExecutor Queue Thread 2" [_thread_blocked, id=9104, stack(0x0000000025dc0000,0x0000000025ec0000)]
  0x000000001f21f800 JavaThread "Cache worker for Java compile cache (C:\AndroidStudioProjects\KotlinProjects\ZooApp\.gradle\5.4.1\javaCompile)" [_thread_blocked, id=5472, stack(0x00000000262c0000,0x00000000263c0000)]
  0x000000001f220000 JavaThread "Cache worker for Java compile cache (C:\Users\Wanga\.gradle\caches\5.4.1\javaCompile)" [_thread_blocked, id=7132, stack(0x00000000261c0000,0x00000000262c0000)]
  0x000000001f225000 JavaThread "WorkerExecutor Queue" [_thread_in_Java, id=4328, stack(0x00000000260c0000,0x00000000261c0000)]
  0x000000001f221800 JavaThread "RMI TCP Connection(4)-127.0.0.1" daemon [_thread_in_native, id=14252, stack(0x0000000025fc0000,0x00000000260c0000)]
  0x000000001f221000 JavaThread "RMI TCP Connection(3)-127.0.0.1" daemon [_thread_in_native, id=1200, stack(0x0000000025ec0000,0x0000000025fc0000)]
  0x0000000019315800 JavaThread "Cache worker for execution history cache (C:\AndroidStudioProjects\KotlinProjects\ZooApp\.gradle\5.4.1\executionHistory)" [_thread_blocked, id=3916, stack(0x0000000025cc0000,0x0000000025dc0000)]
  0x0000000019313800 JavaThread "Execution worker for ':' Thread 3" [_thread_blocked, id=10504, stack(0x0000000025bc0000,0x0000000025cc0000)]
  0x0000000019312800 JavaThread "Execution worker for ':' Thread 2" [_thread_in_Java, id=13716, stack(0x0000000025ac0000,0x0000000025bc0000)]
  0x000000001930a800 JavaThread "Execution worker for ':'" [_thread_in_Java, id=11496, stack(0x00000000259c0000,0x0000000025ac0000)]
  0x0000000019311000 JavaThread "Cache worker for file content cache (C:\AndroidStudioProjects\KotlinProjects\ZooApp\.gradle\5.4.1\fileContent)" [_thread_blocked, id=14728, stack(0x00000000258c0000,0x00000000259c0000)]
  0x0000000019309800 JavaThread "Cache worker for Build Output Cleanup Cache (C:\AndroidStudioProjects\KotlinProjects\ZooApp\.gradle\buildOutputCleanup)" [_thread_blocked, id=1508, stack(0x0000000024030000,0x0000000024130000)]
  0x000000001930c000 JavaThread "pool-10-thread-1" [_thread_blocked, id=11816, stack(0x0000000023f30000,0x0000000024030000)]
  0x0000000019310800 JavaThread "Build operations Thread 4" [_thread_blocked, id=9568, stack(0x0000000021f30000,0x0000000022030000)]
  0x0000000019309000 JavaThread "Build operations Thread 3" [_thread_blocked, id=5784, stack(0x0000000021bb0000,0x0000000021cb0000)]
  0x000000001930f800 JavaThread "Build operations Thread 2" [_thread_blocked, id=13884, stack(0x00000000214b0000,0x00000000215b0000)]
  0x0000000019308000 JavaThread "Build operations" [_thread_blocked, id=2524, stack(0x0000000020160000,0x0000000020260000)]
  0x000000001930f000 JavaThread "Cache worker for cache directory md-rule (C:\Users\Wanga\.gradle\caches\5.4.1\md-rule)" [_thread_blocked, id=12704, stack(0x000000001fb60000,0x000000001fc60000)]
  0x000000001930e000 JavaThread "Cache worker for cache directory md-supplier (C:\Users\Wanga\.gradle\caches\5.4.1\md-supplier)" [_thread_blocked, id=11364, stack(0x000000001e680000,0x000000001e780000)]
  0x000000001930b000 JavaThread "Cache worker for file hash cache (C:\AndroidStudioProjects\KotlinProjects\ZooApp\.gradle\5.4.1\fileHashes)" [_thread_blocked, id=6596, stack(0x000000001df80000,0x000000001e080000)]
  0x000000001ef50000 JavaThread "Thread-119" [_thread_blocked, id=2172, stack(0x000000001a910000,0x000000001aa10000)]
  0x000000001ef4d800 JavaThread "Stdin handler" [_thread_blocked, id=428, stack(0x000000001a610000,0x000000001a710000)]
  0x000000001ef53800 JavaThread "Asynchronous log dispatcher for DefaultDaemonConnection: socket connection from /127.0.0.1:50408 to /127.0.0.1:51512" [_thread_blocked, id=6532, stack(0x000000001a510000,0x000000001a610000)]
  0x000000001ef46000 JavaThread "Daemon worker Thread 5" [_thread_in_Java, id=6900, stack(0x000000001a210000,0x000000001a310000)]
  0x000000001ef4d000 JavaThread "Cancel handler" [_thread_blocked, id=8096, stack(0x000000001a110000,0x000000001a210000)]
  0x000000001ef4c000 JavaThread "Handler for socket connection from /127.0.0.1:50408 to /127.0.0.1:51512" [_thread_in_native, id=11320, stack(0x0000000000b80000,0x0000000000c80000)]
  0x000000001ef4a000 JavaThread "Daemon Thread 5" [_thread_blocked, id=12096, stack(0x0000000000a80000,0x0000000000b80000)]
  0x000000001ef53000 JavaThread "RMI Reaper" [_thread_blocked, id=2768, stack(0x0000000029a00000,0x0000000029b00000)]
  0x000000001ef4a800 JavaThread "RMI TCP Accept-0" daemon [_thread_in_native, id=15072, stack(0x0000000029900000,0x0000000029a00000)]
  0x000000001ef47800 JavaThread "GC Daemon" daemon [_thread_blocked, id=6380, stack(0x0000000029800000,0x0000000029900000)]
  0x000000001f22b800 JavaThread "RMI Scheduler(0)" daemon [_thread_blocked, id=13488, stack(0x0000000027160000,0x0000000027260000)]
  0x000000001ef45800 JavaThread "Cache worker for file content cache (C:\Users\Wanga\.gradle\caches\5.4.1\fileContent)" [_thread_blocked, id=14604, stack(0x0000000024760000,0x0000000024860000)]
  0x000000001ef4e800 JavaThread "Memory manager" [_thread_blocked, id=976, stack(0x0000000022230000,0x0000000022330000)]
  0x000000001ef49000 JavaThread "Cache worker for execution history cache (C:\Users\Wanga\.gradle\caches\5.4.1\executionHistory)" [_thread_blocked, id=10128, stack(0x000000001fe60000,0x000000001ff60000)]
  0x0000000017c7e800 JavaThread "Cache worker for journal cache (C:\Users\Wanga\.gradle\caches\journal-1)" [_thread_blocked, id=12648, stack(0x000000001ac10000,0x000000001ad10000)]
  0x0000000017c80000 JavaThread "File lock request listener" [_thread_in_native, id=9852, stack(0x000000001ab10000,0x000000001ac10000)]
  0x0000000017c7f800 JavaThread "Cache worker for file hash cache (C:\Users\Wanga\.gradle\caches\5.4.1\fileHashes)" [_thread_blocked, id=4732, stack(0x000000001aa10000,0x000000001ab10000)]
  0x0000000019460000 JavaThread "Daemon periodic checks" [_thread_blocked, id=4904, stack(0x000000001a010000,0x000000001a110000)]
  0x000000001942d800 JavaThread "Incoming local TCP Connector on port 50408" [_thread_in_native, id=14772, stack(0x0000000019dd0000,0x0000000019ed0000)]
  0x000000001920c800 JavaThread "Daemon health stats" [_thread_blocked, id=13900, stack(0x0000000019790000,0x0000000019890000)]
  0x00000000179c3800 JavaThread "Service Thread" daemon [_thread_blocked, id=9556, stack(0x0000000017dc0000,0x0000000017ec0000)]
  0x00000000160ab800 JavaThread "C1 CompilerThread2" daemon [_thread_blocked, id=9848, stack(0x00000000178c0000,0x00000000179c0000)]
  0x0000000016052800 JavaThread "C2 CompilerThread1" daemon [_thread_in_native, id=2052, stack(0x00000000177c0000,0x00000000178c0000)]
=>0x000000001604d800 JavaThread "C2 CompilerThread0" daemon [_thread_in_native, id=12796, stack(0x00000000176c0000,0x00000000177c0000)]
  0x000000001604c800 JavaThread "Attach Listener" daemon [_thread_blocked, id=8600, stack(0x00000000175c0000,0x00000000176c0000)]
  0x000000001604b000 JavaThread "Signal Dispatcher" daemon [_thread_blocked, id=10460, stack(0x00000000174c0000,0x00000000175c0000)]
  0x00000000026db800 JavaThread "Finalizer" daemon [_thread_blocked, id=1532, stack(0x00000000172c0000,0x00000000173c0000)]
  0x0000000016039000 JavaThread "Reference Handler" daemon [_thread_blocked, id=7440, stack(0x00000000171c0000,0x00000000172c0000)]
  0x00000000025e2800 JavaThread "main" [_thread_blocked, id=9432, stack(0x0000000002440000,0x0000000002540000)]

Other Threads:
  0x0000000016018000 VMThread [stack: 0x00000000170c0000,0x00000000171c0000] [id=588]
  0x00000000179c6800 WatcherThread [stack: 0x0000000017ec0000,0x0000000017fc0000] [id=10536]

VM state:not at safepoint (normal execution)

VM Mutex/Monitor currently owned by a thread: None

heap address: 0x00000000a0000000, size: 1536 MB, Compressed Oops mode: 32-bit
Narrow klass base: 0x0000000000000000, Narrow klass shift: 3
Compressed class space size: 1073741824 Address: 0x0000000100000000

Heap:
 PSYoungGen      total 317440K, used 126958K [0x00000000e0000000, 0x00000000f5980000, 0x0000000100000000)
  eden space 297472K, 37% used [0x00000000e0000000,0x00000000e6c3fbb0,0x00000000f2280000)
  from space 19968K, 80% used [0x00000000f4600000,0x00000000f55bc020,0x00000000f5980000)
  to   space 28160K, 0% used [0x00000000f2280000,0x00000000f2280000,0x00000000f3e00000)
 ParOldGen       total 361984K, used 54156K [0x00000000a0000000, 0x00000000b6180000, 0x00000000e0000000)
  object space 361984K, 14% used [0x00000000a0000000,0x00000000a34e3140,0x00000000b6180000)
 Metaspace       used 100695K, capacity 104332K, committed 106444K, reserved 1142784K
  class space    used 12784K, capacity 13483K, committed 14040K, reserved 1048576K

Card table byte_map: [0x0000000011aa0000,0x0000000011db0000] byte_map_base: 0x00000000115a0000

Marking Bits: (ParMarkBitMap*) 0x0000000052549f30
 Begin Bits: [0x00000000123b0000, 0x0000000013bb0000)
 End Bits:   [0x0000000013bb0000, 0x00000000153b0000)

Polling page: 0x0000000002540000

CodeCache: size=245760Kb used=58492Kb max_used=58589Kb free=187267Kb
 bounds [0x00000000026e0000, 0x0000000006060000, 0x00000000116e0000]
 total_blobs=18164 nmethods=17227 adapters=849
 compilation: enabled

Compilation events (10 events):
Event: 6712.717 Thread 0x00000000160ab800 20761       2       com.android.tools.build.apkzlib.zip.ZipFieldInvariantNonNegative::isValid (12 bytes)
Event: 6712.717 Thread 0x00000000160ab800 nmethod 20761 0x00000000031fe850 code [0x00000000031fe9a0, 0x00000000031feb10]
Event: 6712.717 Thread 0x00000000160ab800 20762       2       com.android.tools.build.apkzlib.zip.utils.LittleEndianUtils::readUnsigned2Le (103 bytes)
Event: 6712.718 Thread 0x00000000160ab800 nmethod 20762 0x0000000005204c50 code [0x0000000005204e60, 0x0000000005205488]
Event: 6712.718 Thread 0x00000000160ab800 20763       2       com.android.tools.build.apkzlib.zip.ZipField::verify (77 bytes)
Event: 6712.719 Thread 0x00000000160ab800 nmethod 20763 0x0000000003d61ed0 code [0x0000000003d620e0, 0x0000000003d628a8]
Event: 6712.719 Thread 0x00000000160ab800 20764       2       com.android.tools.build.apkzlib.zip.utils.LittleEndianUtils::readUnsigned4Le (143 bytes)
Event: 6712.720 Thread 0x00000000160ab800 nmethod 20764 0x00000000044e9fd0 code [0x00000000044ea200, 0x00000000044ea8e8]
Event: 6712.720 Thread 0x00000000160ab800 20765       2       java.nio.charset.CharsetDecoder::implFlush (4 bytes)
Event: 6712.720 Thread 0x00000000160ab800 nmethod 20765 0x0000000003a668d0 code [0x0000000003a66a20, 0x0000000003a66b70]

GC Heap History (10 events):
Event: 6442.805 GC heap before
{Heap before GC invocations=24 (full 4):
 PSYoungGen      total 224768K, used 201634K [0x00000000e0000000, 0x00000000f1980000, 0x0000000100000000)
  eden space 189952K, 100% used [0x00000000e0000000,0x00000000eb980000,0x00000000eb980000)
  from space 34816K, 33% used [0x00000000eb980000,0x00000000ec4e8a40,0x00000000edb80000)
  to   space 34304K, 0% used [0x00000000ef800000,0x00000000ef800000,0x00000000f1980000)
 ParOldGen       total 361984K, used 54132K [0x00000000a0000000, 0x00000000b6180000, 0x00000000e0000000)
  object space 361984K, 14% used [0x00000000a0000000,0x00000000a34dd140,0x00000000b6180000)
 Metaspace       used 91357K, capacity 94508K, committed 98380K, reserved 1134592K
  class space    used 11632K, capacity 12241K, committed 13144K, reserved 1048576K
Event: 6442.829 GC heap after
Heap after GC invocations=24 (full 4):
 PSYoungGen      total 254976K, used 10680K [0x00000000e0000000, 0x00000000f1b00000, 0x0000000100000000)
  eden space 220672K, 0% used [0x00000000e0000000,0x00000000e0000000,0x00000000ed780000)
  from space 34304K, 31% used [0x00000000ef800000,0x00000000f026e0c8,0x00000000f1980000)
  to   space 33280K, 0% used [0x00000000ed780000,0x00000000ed780000,0x00000000ef800000)
 ParOldGen       total 361984K, used 54132K [0x00000000a0000000, 0x00000000b6180000, 0x00000000e0000000)
  object space 361984K, 14% used [0x00000000a0000000,0x00000000a34dd140,0x00000000b6180000)
 Metaspace       used 91357K, capacity 94508K, committed 98380K, reserved 1134592K
  class space    used 11632K, capacity 12241K, committed 13144K, reserved 1048576K
}
Event: 6444.372 GC heap before
{Heap before GC invocations=25 (full 4):
 PSYoungGen      total 254976K, used 231352K [0x00000000e0000000, 0x00000000f1b00000, 0x0000000100000000)
  eden space 220672K, 100% used [0x00000000e0000000,0x00000000ed780000,0x00000000ed780000)
  from space 34304K, 31% used [0x00000000ef800000,0x00000000f026e0c8,0x00000000f1980000)
  to   space 33280K, 0% used [0x00000000ed780000,0x00000000ed780000,0x00000000ef800000)
 ParOldGen       total 361984K, used 54132K [0x00000000a0000000, 0x00000000b6180000, 0x00000000e0000000)
  object space 361984K, 14% used [0x00000000a0000000,0x00000000a34dd140,0x00000000b6180000)
 Metaspace       used 91426K, capacity 94578K, committed 98380K, reserved 1134592K
  class space    used 11634K, capacity 12242K, committed 13144K, reserved 1048576K
Event: 6444.403 GC heap after
Heap after GC invocations=25 (full 4):
 PSYoungGen      total 253952K, used 12222K [0x00000000e0000000, 0x00000000f3e80000, 0x0000000100000000)
  eden space 220672K, 0% used [0x00000000e0000000,0x00000000e0000000,0x00000000ed780000)
  from space 33280K, 36% used [0x00000000ed780000,0x00000000ee36faf8,0x00000000ef800000)
  to   space 32256K, 0% used [0x00000000f1f00000,0x00000000f1f00000,0x00000000f3e80000)
 ParOldGen       total 361984K, used 54132K [0x00000000a0000000, 0x00000000b6180000, 0x00000000e0000000)
  object space 361984K, 14% used [0x00000000a0000000,0x00000000a34dd140,0x00000000b6180000)
 Metaspace       used 91426K, capacity 94578K, committed 98380K, reserved 1134592K
  class space    used 11634K, capacity 12242K, committed 13144K, reserved 1048576K
}
Event: 6446.995 GC heap before
{Heap before GC invocations=26 (full 4):
 PSYoungGen      total 253952K, used 232894K [0x00000000e0000000, 0x00000000f3e80000, 0x0000000100000000)
  eden space 220672K, 100% used [0x00000000e0000000,0x00000000ed780000,0x00000000ed780000)
  from space 33280K, 36% used [0x00000000ed780000,0x00000000ee36faf8,0x00000000ef800000)
  to   space 32256K, 0% used [0x00000000f1f00000,0x00000000f1f00000,0x00000000f3e80000)
 ParOldGen       total 361984K, used 54132K [0x00000000a0000000, 0x00000000b6180000, 0x00000000e0000000)
  object space 361984K, 14% used [0x00000000a0000000,0x00000000a34dd140,0x00000000b6180000)
 Metaspace       used 91659K, capacity 94838K, committed 98380K, reserved 1134592K
  class space    used 11657K, capacity 12264K, committed 13144K, reserved 1048576K
Event: 6447.017 GC heap after
Heap after GC invocations=26 (full 4):
 PSYoungGen      total 285696K, used 13857K [0x00000000e0000000, 0x00000000f3900000, 0x0000000100000000)
  eden space 259072K, 0% used [0x00000000e0000000,0x00000000e0000000,0x00000000efd00000)
  from space 26624K, 52% used [0x00000000f1f00000,0x00000000f2c88470,0x00000000f3900000)
  to   space 30720K, 0% used [0x00000000efd00000,0x00000000efd00000,0x00000000f1b00000)
 ParOldGen       total 361984K, used 54140K [0x00000000a0000000, 0x00000000b6180000, 0x00000000e0000000)
  object space 361984K, 14% used [0x00000000a0000000,0x00000000a34df140,0x00000000b6180000)
 Metaspace       used 91659K, capacity 94838K, committed 98380K, reserved 1134592K
  class space    used 11657K, capacity 12264K, committed 13144K, reserved 1048576K
}
Event: 6448.790 GC heap before
{Heap before GC invocations=27 (full 4):
 PSYoungGen      total 285696K, used 272929K [0x00000000e0000000, 0x00000000f3900000, 0x0000000100000000)
  eden space 259072K, 100% used [0x00000000e0000000,0x00000000efd00000,0x00000000efd00000)
  from space 26624K, 52% used [0x00000000f1f00000,0x00000000f2c88470,0x00000000f3900000)
  to   space 30720K, 0% used [0x00000000efd00000,0x00000000efd00000,0x00000000f1b00000)
 ParOldGen       total 361984K, used 54140K [0x00000000a0000000, 0x00000000b6180000, 0x00000000e0000000)
  object space 361984K, 14% used [0x00000000a0000000,0x00000000a34df140,0x00000000b6180000)
 Metaspace       used 92799K, capacity 96080K, committed 99148K, reserved 1134592K
  class space    used 11791K, capacity 12433K, committed 13144K, reserved 1048576K
Event: 6448.818 GC heap after
Heap after GC invocations=27 (full 4):
 PSYoungGen      total 289792K, used 14427K [0x00000000e0000000, 0x00000000f6280000, 0x0000000100000000)
  eden space 259072K, 0% used [0x00000000e0000000,0x00000000e0000000,0x00000000efd00000)
  from space 30720K, 46% used [0x00000000efd00000,0x00000000f0b16d48,0x00000000f1b00000)
  to   space 29184K, 0% used [0x00000000f4600000,0x00000000f4600000,0x00000000f6280000)
 ParOldGen       total 361984K, used 54148K [0x00000000a0000000, 0x00000000b6180000, 0x00000000e0000000)
  object space 361984K, 14% used [0x00000000a0000000,0x00000000a34e1140,0x00000000b6180000)
 Metaspace       used 92799K, capacity 96080K, committed 99148K, reserved 1134592K
  class space    used 11791K, capacity 12433K, committed 13144K, reserved 1048576K
}
Event: 6709.321 GC heap before
{Heap before GC invocations=28 (full 4):
 PSYoungGen      total 289792K, used 273499K [0x00000000e0000000, 0x00000000f6280000, 0x0000000100000000)
  eden space 259072K, 100% used [0x00000000e0000000,0x00000000efd00000,0x00000000efd00000)
  from space 30720K, 46% used [0x00000000efd00000,0x00000000f0b16d48,0x00000000f1b00000)
  to   space 29184K, 0% used [0x00000000f4600000,0x00000000f4600000,0x00000000f6280000)
 ParOldGen       total 361984K, used 54148K [0x00000000a0000000, 0x00000000b6180000, 0x00000000e0000000)
  object space 361984K, 14% used [0x00000000a0000000,0x00000000a34e1140,0x00000000b6180000)
 Metaspace       used 95337K, capacity 98850K, committed 101196K, reserved 1136640K
  class space    used 12155K, capacity 12846K, committed 13400K, reserved 1048576K
Event: 6709.359 GC heap after
Heap after GC invocations=28 (full 4):
 PSYoungGen      total 317440K, used 16112K [0x00000000e0000000, 0x00000000f5980000, 0x0000000100000000)
  eden space 297472K, 0% used [0x00000000e0000000,0x00000000e0000000,0x00000000f2280000)
  from space 19968K, 80% used [0x00000000f4600000,0x00000000f55bc020,0x00000000f5980000)
  to   space 28160K, 0% used [0x00000000f2280000,0x00000000f2280000,0x00000000f3e00000)
 ParOldGen       total 361984K, used 54156K [0x00000000a0000000, 0x00000000b6180000, 0x00000000e0000000)
  object space 361984K, 14% used [0x00000000a0000000,0x00000000a34e3140,0x00000000b6180000)
 Metaspace       used 95337K, capacity 98850K, committed 101196K, reserved 1136640K
  class space    used 12155K, capacity 12846K, committed 13400K, reserved 1048576K
}

Deoptimization events (10 events):
Event: 6712.395 Thread 0x000000001f225000 Uncommon trap: reason=bimorphic action=maybe_recompile pc=0x0000000002bce6c4 method=java.util.regex.Pattern$Slice.match(Ljava/util/regex/Matcher;ILjava/lang/CharSequence;)Z @ 75
Event: 6712.395 Thread 0x000000001f225000 Uncommon trap: reason=unstable_if action=reinterpret pc=0x0000000003845060 method=java.util.regex.Pattern$LastNode.match(Ljava/util/regex/Matcher;ILjava/lang/CharSequence;)Z @ 13
Event: 6712.402 Thread 0x000000001f225000 Uncommon trap: reason=unstable_if action=reinterpret pc=0x0000000003392894 method=java.util.regex.Pattern.newSlice([IIZ)Ljava/util/regex/Pattern$Node; @ 10
Event: 6712.486 Thread 0x0000000019312800 Uncommon trap: reason=unstable_if action=reinterpret pc=0x0000000003058278 method=com.android.tools.r8.graph.DexString.<init>(Ljava/lang/String;)V @ 32
Event: 6712.564 Thread 0x0000000019312800 Uncommon trap: reason=unstable_if action=reinterpret pc=0x000000000521390c method=com.android.tools.r8.ir.conversion.N.getCanonicalDebugPositionAtOffset(I)Lcom/android/tools/r8/ir/code/Position; @ 51
Event: 6712.621 Thread 0x000000001f225000 Uncommon trap: reason=unstable_if action=reinterpret pc=0x00000000047442a0 method=sun.nio.fs.WindowsPathParser.nextNonSlash(Ljava/lang/String;II)I @ 2
Event: 6712.655 Thread 0x0000000019312800 Uncommon trap: reason=unstable_if action=reinterpret pc=0x0000000003c64b48 method=com.android.tools.r8.ir.conversion.IRBuilder.a(ILcom/android/tools/r8/ir/code/k0;Lcom/android/tools/r8/ir/code/BasicBlock;Lcom/android/tools/r8/ir/code/BasicBlock$c;Lcom/and
Event: 6712.662 Thread 0x0000000019312800 Uncommon trap: reason=unstable_if action=reinterpret pc=0x000000000598e9e8 method=com.android.tools.r8.ir.analysis.g.e.b(Lcom/android/tools/r8/ir/code/Instruction;)V @ 11
Event: 6712.676 Thread 0x0000000019312800 Uncommon trap: reason=unstable_if action=reinterpret pc=0x0000000005909cac method=com.android.tools.r8.graph.DexType.a(C)Z @ 15
Event: 6712.677 Thread 0x0000000019312800 Uncommon trap: reason=unstable_if action=reinterpret pc=0x0000000004e4ee40 method=com.android.tools.r8.graph.DexType.a(C)Z @ 15

Classes redefined (0 events):
No events

Internal exceptions (10 events):
Event: 6707.210 Thread 0x0000000019312800 Exception <a 'java/lang/NoSuchMethodError': <clinit>> (0x00000000ed59da20) thrown at [D:\src\AOSP-openjdk-cygwin\jdk8u\hotspot\src\share\vm\prims\jni.cpp, line 1614]
Event: 6707.517 Thread 0x000000001930a800 Exception <a 'sun/nio/fs/WindowsException'> (0x00000000eddf03f8) thrown at [D:\src\AOSP-openjdk-cygwin\jdk8u\hotspot\src\share\vm\prims\jni.cpp, line 710]
Event: 6712.267 Thread 0x000000001ef50000 Exception <a 'java/lang/NoSuchMethodError': <clinit>> (0x00000000e000ecf8) thrown at [D:\src\AOSP-openjdk-cygwin\jdk8u\hotspot\src\share\vm\prims\jni.cpp, line 1614]
Event: 6712.338 Thread 0x0000000019313800 Exception <a 'java/lang/NoSuchMethodError': <clinit>> (0x00000000e36f15e8) thrown at [D:\src\AOSP-openjdk-cygwin\jdk8u\hotspot\src\share\vm\prims\jni.cpp, line 1614]
Event: 6712.345 Thread 0x0000000019313800 Exception <a 'java/lang/NoSuchMethodError': <clinit>> (0x00000000e3709718) thrown at [D:\src\AOSP-openjdk-cygwin\jdk8u\hotspot\src\share\vm\prims\jni.cpp, line 1614]
Event: 6712.382 Thread 0x000000001f225000 Exception <a 'java/lang/NoSuchMethodError': java.lang.Object.lambda$asRunnable$0(Lcom/android/tools/build/apkzlib/utils/IOExceptionRunnable;)V> (0x00000000e3a45fe8) thrown at [D:\src\AOSP-openjdk-cygwin\jdk8u\hotspot\src\share\vm\interpreter\linkResolver.
Event: 6712.465 Thread 0x000000001930a800 Exception <a 'sun/nio/fs/WindowsException'> (0x00000000e3c60360) thrown at [D:\src\AOSP-openjdk-cygwin\jdk8u\hotspot\src\share\vm\prims\jni.cpp, line 710]
Event: 6712.485 Thread 0x0000000019312800 Exception <a 'sun/nio/fs/WindowsException'> (0x00000000e3fa8940) thrown at [D:\src\AOSP-openjdk-cygwin\jdk8u\hotspot\src\share\vm\prims\jni.cpp, line 710]
Event: 6712.520 Thread 0x000000001ef46000 Exception <a 'sun/nio/fs/WindowsException'> (0x00000000e4499e68) thrown at [D:\src\AOSP-openjdk-cygwin\jdk8u\hotspot\src\share\vm\prims\jni.cpp, line 710]
Event: 6712.603 Thread 0x000000001f225000 Exception <a 'java/lang/NoSuchMethodError': java.lang.Object.newSystemTemporaryDirectory()Lcom/android/tools/build/apkzlib/bytestorage/TemporaryDirectory;> (0x00000000e5375a18) thrown at [D:\src\AOSP-openjdk-cygwin\jdk8u\hotspot\src\share\vm\interpreter\l

Events (10 events):
Event: 6712.712 loading class com/android/tools/build/apkzlib/zip/StoredEntry
Event: 6712.712 loading class com/android/tools/build/apkzlib/zip/StoredEntry done
Event: 6712.712 loading class com/android/tools/build/apkzlib/zip/StoredEntry
Event: 6712.712 loading class com/android/tools/build/apkzlib/zip/StoredEntry done
Event: 6712.713 loading class com/android/tools/build/apkzlib/zip/ProcessedAndRawByteSources
Event: 6712.713 loading class com/android/tools/build/apkzlib/zip/ProcessedAndRawByteSources done
Event: 6712.713 loading class com/android/tools/build/apkzlib/zip/StoredEntryType
Event: 6712.713 loading class com/android/tools/build/apkzlib/zip/StoredEntryType done
Event: 6712.714 loading class com/android/tools/build/apkzlib/zip/DataDescriptorType
Event: 6712.714 loading class com/android/tools/build/apkzlib/zip/DataDescriptorType done


Dynamic libraries:
0x00007ff74ee50000 - 0x00007ff74ee81000 	C:\Program Files\Android\Android Studio\jre\bin\java.exe
0x00007ffa3af60000 - 0x00007ffa3b150000 	C:\WINDOWS\SYSTEM32\ntdll.dll
0x00007ffa39010000 - 0x00007ffa390c2000 	C:\WINDOWS\System32\KERNEL32.DLL
0x00007ffa37f90000 - 0x00007ffa38233000 	C:\WINDOWS\System32\KERNELBASE.dll
0x00007ffa39200000 - 0x00007ffa392a3000 	C:\WINDOWS\System32\ADVAPI32.dll
0x00007ffa3a370000 - 0x00007ffa3a40e000 	C:\WINDOWS\System32\msvcrt.dll
0x00007ffa3a410000 - 0x00007ffa3a4a7000 	C:\WINDOWS\System32\sechost.dll
0x00007ffa39fa0000 - 0x00007ffa3a0c0000 	C:\WINDOWS\System32\RPCRT4.dll
0x00007ffa39d70000 - 0x00007ffa39f04000 	C:\WINDOWS\System32\USER32.dll
0x00007ffa38370000 - 0x00007ffa38391000 	C:\WINDOWS\System32\win32u.dll
0x00007ffa3a4b0000 - 0x00007ffa3a4d6000 	C:\WINDOWS\System32\GDI32.dll
0x00007ffa38e70000 - 0x00007ffa39004000 	C:\WINDOWS\System32\gdi32full.dll
0x00007ffa37ef0000 - 0x00007ffa37f8e000 	C:\WINDOWS\System32\msvcp_win.dll
0x00007ffa385a0000 - 0x00007ffa3869a000 	C:\WINDOWS\System32\ucrtbase.dll
0x00007ffa2a280000 - 0x00007ffa2a505000 	C:\WINDOWS\WinSxS\amd64_microsoft.windows.common-controls_6595b64144ccf1df_6.0.18362.535_none_e6c3b34713100821\COMCTL32.dll
0x00007ffa399d0000 - 0x00007ffa39d06000 	C:\WINDOWS\System32\combase.dll
0x00007ffa382f0000 - 0x00007ffa38370000 	C:\WINDOWS\System32\bcryptPrimitives.dll
0x00007ffa3a0c0000 - 0x00007ffa3a0ee000 	C:\WINDOWS\System32\IMM32.DLL
0x0000000051bc0000 - 0x0000000051c92000 	C:\Program Files\Android\Android Studio\jre\jre\bin\msvcr100.dll
0x0000000051d80000 - 0x00000000525c6000 	C:\Program Files\Android\Android Studio\jre\jre\bin\server\jvm.dll
0x00007ffa39f10000 - 0x00007ffa39f18000 	C:\WINDOWS\System32\PSAPI.DLL
0x00007ffa36940000 - 0x00007ffa36949000 	C:\WINDOWS\SYSTEM32\WSOCK32.dll
0x00007ffa3a4f0000 - 0x00007ffa3a55f000 	C:\WINDOWS\System32\WS2_32.dll
0x00007ffa332a0000 - 0x00007ffa332c4000 	C:\WINDOWS\SYSTEM32\WINMM.dll
0x00007ffa30570000 - 0x00007ffa3057a000 	C:\WINDOWS\SYSTEM32\VERSION.dll
0x00007ffa33270000 - 0x00007ffa3329d000 	C:\WINDOWS\SYSTEM32\WINMMBASE.dll
0x00007ffa384f0000 - 0x00007ffa3853a000 	C:\WINDOWS\System32\cfgmgr32.dll
0x00007ffa333b0000 - 0x00007ffa333bf000 	C:\Program Files\Android\Android Studio\jre\jre\bin\verify.dll
0x00007ffa32860000 - 0x00007ffa32889000 	C:\Program Files\Android\Android Studio\jre\jre\bin\java.dll
0x00007ffa325c0000 - 0x00007ffa325d6000 	C:\Program Files\Android\Android Studio\jre\jre\bin\zip.dll
0x00007ffa3a770000 - 0x00007ffa3ae55000 	C:\WINDOWS\System32\SHELL32.dll
0x00007ffa394a0000 - 0x00007ffa39549000 	C:\WINDOWS\System32\shcore.dll
0x00007ffa386c0000 - 0x00007ffa38e3f000 	C:\WINDOWS\System32\windows.storage.dll
0x00007ffa37e80000 - 0x00007ffa37e9f000 	C:\WINDOWS\System32\profapi.dll
0x00007ffa37ea0000 - 0x00007ffa37eea000 	C:\WINDOWS\System32\powrprof.dll
0x00007ffa37e30000 - 0x00007ffa37e40000 	C:\WINDOWS\System32\UMPDC.dll
0x00007ffa39d10000 - 0x00007ffa39d62000 	C:\WINDOWS\System32\shlwapi.dll
0x00007ffa37e60000 - 0x00007ffa37e71000 	C:\WINDOWS\System32\kernel.appcore.dll
0x00007ffa386a0000 - 0x00007ffa386b7000 	C:\WINDOWS\System32\cryptsp.dll
0x00007ffa325a0000 - 0x00007ffa325ba000 	C:\Program Files\Android\Android Studio\jre\jre\bin\net.dll
0x00007ffa376a0000 - 0x00007ffa37707000 	C:\WINDOWS\system32\mswsock.dll
0x00007ffa32440000 - 0x00007ffa32451000 	C:\Program Files\Android\Android Studio\jre\jre\bin\nio.dll
0x00007ffa21a70000 - 0x00007ffa21a96000 	C:\Users\Wanga\.gradle\native\29\windows-amd64\native-platform.dll
0x00007ffa333a0000 - 0x00007ffa333ad000 	C:\Program Files\Android\Android Studio\jre\jre\bin\management.dll
0x00007ffa37210000 - 0x00007ffa37243000 	C:\WINDOWS\system32\rsaenh.dll
0x00007ffa38e40000 - 0x00007ffa38e66000 	C:\WINDOWS\System32\bcrypt.dll
0x00007ffa37d20000 - 0x00007ffa37d45000 	C:\WINDOWS\SYSTEM32\USERENV.dll
0x00007ffa37870000 - 0x00007ffa3787c000 	C:\WINDOWS\SYSTEM32\CRYPTBASE.dll
0x00007ffa373b0000 - 0x00007ffa373ea000 	C:\WINDOWS\SYSTEM32\IPHLPAPI.DLL
0x00007ffa3a4e0000 - 0x00007ffa3a4e8000 	C:\WINDOWS\System32\NSI.dll
0x00007ffa2ab00000 - 0x00007ffa2ab16000 	C:\WINDOWS\SYSTEM32\dhcpcsvc6.DLL
0x00007ffa2b1b0000 - 0x00007ffa2b1cc000 	C:\WINDOWS\SYSTEM32\dhcpcsvc.DLL
0x00007ffa373f0000 - 0x00007ffa374ba000 	C:\WINDOWS\SYSTEM32\DNSAPI.dll
0x00007ffa22b30000 - 0x00007ffa22b54000 	C:\Program Files\Android\Android Studio\jre\jre\bin\sunec.dll
0x00007ffa313f0000 - 0x00007ffa313fa000 	C:\Windows\System32\rasadhlp.dll
0x00007ffa2a070000 - 0x00007ffa2a0e7000 	C:\WINDOWS\System32\fwpuclnt.dll
0x00007ffa32510000 - 0x00007ffa3251b000 	C:\Program Files\Android\Android Studio\jre\jre\bin\sunmscapi.dll
0x00007ffa383a0000 - 0x00007ffa384e9000 	C:\WINDOWS\System32\CRYPT32.dll
0x00007ffa37e40000 - 0x00007ffa37e52000 	C:\WINDOWS\System32\MSASN1.dll
0x00007ffa1cc60000 - 0x00007ffa1cc7e000 	C:\Users\Wanga\AppData\Local\Temp\native-platform3407364605879257443dir\native-platform.dll
0x00007ffa36720000 - 0x00007ffa36914000 	C:\WINDOWS\SYSTEM32\dbghelp.dll

VM Arguments:
jvm_args: -Xmx1536m -Dfile.encoding=windows-1252 -Duser.country=GB -Duser.language=en -Duser.variant 
java_command: org.gradle.launcher.daemon.bootstrap.GradleDaemon 5.4.1
java_class_path (initial): C:\Users\Wanga\.gradle\wrapper\dists\gradle-5.4.1-all\3221gyojl5jsh0helicew7rwx\gradle-5.4.1\lib\gradle-launcher-5.4.1.jar
Launcher Type: SUN_STANDARD

Environment Variables:
PATH=C:\Program Files (x86)\Common Files\Oracle\Java\javapath;C:\Program Files (x86)\Intel\iCLS Client\;C:\Program Files\Intel\iCLS Client\;C:\Windows\system32;C:\Windows;C:\Windows\System32\Wbem;C:\Windows\System32\WindowsPowerShell\v1.0\;C:\Program Files (x86)\NVIDIA Corporation\PhysX\Common;C:\Program Files (x86)\Intel\Intel(R) Management Engine Components\DAL;C:\Program Files\Intel\Intel(R) Management Engine Components\DAL;C:\Program Files (x86)\Intel\Intel(R) Management Engine Components\IPT;C:\Program Files\Intel\Intel(R) Management Engine Components\IPT;C:\WINDOWS\system32;C:\WINDOWS;C:\WINDOWS\System32\Wbem;C:\WINDOWS\System32\WindowsPowerShell\v1.0\;C:\WINDOWS\System32\OpenSSH\;C:\Program Files\Git\cmd;C:\xampp\php;C:\ProgramData\ComposerSetup\bin;C:\Program Files\Intel\WiFi\bin\;C:\Program Files\Common Files\Intel\WirelessCommon\;C:\Program Files\Dart\dart-sdk\bin;C:\Users\Wanga\Documents\Development\tools\flutter\bin;C:\Program Files (x86)\AOMEI Backupper;C:\Users\Wanga\Documents\Development\tools\tools;C:\Users\Wanga\AppData\Local\Programs\Python\Python36-32;C:\Users\Wanga\AppData\Local\Programs\Python\Python36-32\Scripts;C:\Program Files\Java\jdk1.8.0_231\bin;C:\Users\Wanga\AppData\Local\Microsoft\WindowsApps;C:\Users\Wanga\AppData\Roaming\Composer\vendor\bin;C:\Program Files\heroku\bin;C:\Users\Wanga\Documents\Development\tools\flutter\bin;C:\Users\Wanga\Documents\Development\tools\android-sdk;C:\Program Files\JetBrains\PyCharm Community Edition 2019.2\bin;;C:\Exercism;C:\Users\Wanga\AppData\Local\Programs\Microsoft VS Code\bin;;C:\Program Files\JetBrains\IntelliJ IDEA Community Edition 2019.3\bin;
USERNAME=Wanga
OS=Windows_NT
PROCESSOR_IDENTIFIER=Intel64 Family 6 Model 61 Stepping 4, GenuineIntel



---------------  S Y S T E M  ---------------

OS: Windows 10.0 , 64 bit Build 18362 (10.0.18362.329)

CPU:total 4 (initial active 4) (2 cores per cpu, 2 threads per core) family 6 model 61 stepping 4, cmov, cx8, fxsr, mmx, sse, sse2, sse3, ssse3, sse4.1, sse4.2, popcnt, avx, avx2, aes, clmul, erms, 3dnowpref, lzcnt, ht, tsc, tscinvbit, bmi1, bmi2, adx

Memory: 4k page, physical 16692244k(7281772k free), swap 20231188k(6751428k free)

vm_info: OpenJDK 64-Bit Server VM (25.202-b03) for windows-amd64 JRE (1.8.0_202-release-1483-b03), built by "builder" with MS VC++ 10.0 (VS2010)

time: Thu Dec 26 11:03:05 2019
timezone: E. Africa Standard Time
elapsed time: 6712 seconds (0d 1h 51m 52s)

