JvmtiExport can_access_local_variables 0
JvmtiExport can_hotswap_or_post_breakpoint 0
JvmtiExport can_post_on_exceptions 0
# 164 ciObject found
ciMethod java/util/List get (I)Ljava/lang/Object; 0 0 1 0 -1
ciMethod java/util/ListIterator hasNext ()Z 0 0 1 0 -1
ciMethod java/util/ListIterator next ()Ljava/lang/Object; 0 0 1 0 -1
ciMethod com/android/tools/r8/ir/code/Instruction v0 ()Ljava/util/List; 1097 1 137 0 -1
ciMethod com/android/tools/r8/ir/code/Instruction outValue ()Lcom/android/tools/r8/ir/code/Value; 1041 1 130 0 -1
ciMethod com/android/tools/r8/ir/code/Instruction isInvokeMethod ()Z 1153 1 144 0 -1
ciMethod com/android/tools/r8/ir/code/Instruction asInvokeMethod ()Lcom/android/tools/r8/ir/code/InvokeMethod; 0 0 1 0 -1
ciMethod com/android/tools/r8/utils/InternalOptions a (Lcom/android/tools/r8/utils/AndroidApiLevel;)Z 0 0 533 0 -1
ciMethod com/android/tools/r8/utils/InternalOptions Z ()Z 1 1 13098 0 -1
ciMethod com/android/tools/r8/utils/InternalOptions F ()Z 4273 1 534 0 -1
ciMethod com/android/tools/r8/ir/code/InvokeMethod getInvokedMethod ()Lcom/android/tools/r8/graph/DexMethod; 1121 1 140 0 -1
ciMethodData com/android/tools/r8/utils/InternalOptions Z ()Z 2 13098 orig 264 8 206 50 82 0 0 0 0 120 8 129 36 0 0 0 0 120 1 0 0 0 0 0 0 0 0 0 0 0 0 0 0 0 0 0 0 0 0 0 0 0 0 0 0 0 0 0 0 0 0 0 0 0 0 0 0 0 0 0 0 0 0 0 0 0 0 0 0 0 0 0 0 0 0 0 0 0 0 0 0 77 68 79 32 101 120 116 114 97 32 100 97 116 97 32 108 111 99 107 0 0 0 0 0 0 0 0 0 0 0 0 0 0 0 0 0 0 0 0 0 0 0 0 0 0 0 0 0 0 0 0 0 0 0 0 0 0 0 0 0 0 0 0 0 0 0 0 0 0 0 0 0 0 0 0 0 0 0 0 0 0 0 0 0 0 0 0 0 0 0 0 0 0 0 0 0 0 0 0 0 0 0 0 0 0 0 0 0 0 0 0 0 0 0 0 0 0 0 0 0 0 0 0 0 0 0 0 0 0 0 0 0 0 0 0 0 0 0 0 0 81 153 1 0 1 0 0 0 0 0 0 0 0 0 0 0 2 0 0 0 0 0 3 0 2 0 0 0 48 0 0 0 255 255 255 255 4 0 4 0 0 0 0 0 data 6 0x40004 0xffffffffffffccd4 0x1e717d80 0x20a 0x0 0x0 oops 1 2 com/android/tools/r8/DexIndexedConsumer$DirectoryConsumer
ciMethodData com/android/tools/r8/utils/InternalOptions a (Lcom/android/tools/r8/utils/AndroidApiLevel;)Z 1 533 orig 264 8 206 50 82 0 0 0 0 40 253 128 36 0 0 0 0 80 2 0 0 136 0 0 0 0 0 0 0 0 0 0 0 0 0 0 0 0 0 0 0 0 0 0 0 0 0 0 0 0 0 0 0 0 0 0 0 0 0 0 0 0 0 0 0 0 0 0 0 0 0 0 0 0 0 0 0 0 0 0 0 77 68 79 32 101 120 116 114 97 32 100 97 116 97 32 108 111 99 107 0 0 0 0 0 0 0 0 0 0 0 0 0 0 0 0 0 0 0 0 0 0 0 0 0 0 0 0 0 0 0 0 0 0 0 0 0 0 0 0 0 0 0 0 0 0 0 0 0 0 0 0 0 0 0 0 0 0 0 0 0 0 0 0 0 0 0 0 0 0 0 0 0 0 0 0 0 0 0 0 0 0 0 0 0 0 0 0 0 0 0 0 0 0 0 0 0 0 0 0 0 0 0 0 0 0 0 0 0 0 0 0 0 0 0 0 0 0 0 0 0 169 16 0 0 1 0 0 0 0 0 0 0 0 0 0 0 2 0 0 0 0 0 0 0 0 0 0 0 0 1 0 0 255 255 255 255 7 0 3 0 0 0 0 0 data 32 0x30007 0x215 0x98 0x0 0x70005 0x0 0x0 0x0 0x0 0x0 0xa0007 0x0 0x38 0x0 0xd0003 0x0 0x28 0x140002 0x0 0x1d0005 0x215 0x0 0x0 0x0 0x0 0x200007 0x0 0x38 0x215 0x240003 0x215 0x18 oops 0
ciMethod com/android/tools/r8/ir/optimize/CodeRewriter a (Lcom/android/tools/r8/ir/code/IRCode;Lcom/android/tools/r8/utils/InternalOptions;)V 3113 1 534 0 -1
ciMethod com/android/tools/r8/ir/code/InvokeVirtual <init> (Lcom/android/tools/r8/graph/DexMethod;Lcom/android/tools/r8/ir/code/Value;Ljava/util/List;)V 3833 1 1050 0 -1
ciMethod com/android/tools/r8/ir/code/InstructionIterator replaceCurrentInstruction (Lcom/android/tools/r8/ir/code/Instruction;)V 0 0 1 0 -1
ciMethod com/android/tools/r8/ir/code/Cmp <init> (Lcom/android/tools/r8/ir/code/NumericType;Lcom/android/tools/r8/ir/code/Cmp$Bias;Lcom/android/tools/r8/ir/code/Value;Lcom/android/tools/r8/ir/code/Value;Lcom/android/tools/r8/ir/code/Value;)V 201 1 25 0 -1
ciMethod com/android/tools/r8/ir/code/h <init> (Lcom/android/tools/r8/ir/code/NumericType;Lcom/android/tools/r8/ir/code/Value;Lcom/android/tools/r8/ir/code/Value;Lcom/android/tools/r8/ir/code/Value;)V 2137 1 267 0 -1
ciMethod com/android/tools/r8/ir/code/IRCode instructionIterator ()Lcom/android/tools/r8/ir/code/InstructionIterator; 4097 1 2396 0 -1
ciMethod com/android/tools/r8/ir/code/B <init> (Lcom/android/tools/r8/ir/code/IRCode;)V 4097 1 2657 0 -1
ciMethod com/android/tools/r8/ir/code/B hasNext ()Z 2049 1 22468 0 -1
ciMethod com/android/tools/r8/ir/code/B replaceCurrentInstruction (Lcom/android/tools/r8/ir/code/Instruction;)V 0 0 1 0 -1
ciMethod com/android/tools/r8/ir/code/B next ()Ljava/lang/Object; 3689 1 6989 0 -1
ciMethodData com/android/tools/r8/ir/code/B hasNext ()Z 2 22468 orig 264 8 206 50 82 0 0 0 0 160 56 181 36 0 0 0 0 24 2 0 0 160 0 0 0 0 0 0 0 0 0 0 0 0 0 0 0 0 0 0 0 0 0 0 0 0 0 0 0 0 0 0 0 0 0 0 0 0 0 0 0 0 0 0 0 0 0 0 0 0 0 0 0 0 0 0 0 0 0 0 0 77 68 79 32 101 120 116 114 97 32 100 97 116 97 32 108 111 99 107 0 0 0 0 0 0 0 0 0 0 0 0 0 0 0 0 0 0 0 0 0 0 0 0 0 0 0 0 0 0 0 0 0 0 0 0 0 0 0 0 0 0 0 0 0 0 0 0 0 0 0 0 0 0 0 0 0 0 0 0 0 0 0 0 0 0 0 0 0 0 0 0 0 0 0 0 0 0 0 0 0 0 0 0 0 0 0 0 0 0 0 0 0 0 0 0 0 0 0 0 0 0 0 0 0 0 0 0 0 0 0 0 0 0 0 0 0 0 1 0 0 33 182 2 0 1 0 0 0 0 0 0 0 0 0 0 0 2 0 0 0 0 0 9 0 2 0 0 0 208 0 0 0 255 255 255 255 5 0 4 0 0 0 0 0 data 26 0x40005 0x0 0x1e71a0c0 0x56c5 0x0 0x0 0x90007 0x4922 0xa0 0xda3 0x100005 0x0 0x1e719960 0xda3 0x0 0x0 0x150007 0x423 0x38 0x980 0x180003 0x980 0x30 0x1c0003 0x423 0x18 oops 2 2 com/android/tools/r8/ir/code/f 12 com/android/tools/r8/ir/code/g
ciMethodData com/android/tools/r8/ir/code/B next ()Ljava/lang/Object; 2 6989 orig 264 8 206 50 82 0 0 0 0 224 63 181 36 0 0 0 0 248 3 0 0 48 2 0 0 0 0 0 0 0 0 0 0 0 0 0 0 0 0 0 0 0 0 0 0 0 0 0 0 0 0 0 0 0 0 0 0 0 0 0 0 0 0 0 0 0 0 0 0 0 0 0 0 0 0 0 0 0 0 0 0 77 68 79 32 101 120 116 114 97 32 100 97 116 97 32 108 111 99 107 0 0 0 0 0 0 0 0 0 0 0 0 0 0 0 0 0 0 0 0 0 0 0 0 0 0 0 0 0 0 0 0 0 0 0 0 0 0 0 0 0 0 0 0 0 0 0 0 0 0 0 0 0 0 0 0 0 0 0 0 0 0 0 0 0 0 0 0 0 0 0 0 0 0 0 0 0 0 0 0 0 0 0 0 0 0 0 0 0 0 0 0 0 0 0 0 0 0 0 0 0 0 0 0 0 0 0 0 0 0 0 0 0 0 0 0 0 205 1 0 0 1 204 0 0 1 0 0 0 0 0 0 0 0 0 0 0 2 0 0 0 0 0 9 0 2 0 0 0 176 2 0 0 255 255 255 255 5 0 4 0 0 0 0 0 data 86 0x40005 0x0 0x1e71a0c0 0x1980 0x0 0x0 0x90007 0x167 0x98 0x1819 0x100005 0x0 0x1e71a0c0 0x1819 0x0 0x0 0x150004 0x0 0x1e71c620 0x2d4 0x1e71c6d0 0x277 0x190003 0x1819 0x1f0 0x200005 0x0 0x1e719960 0x167 0x0 0x0 0x250007 0x0 0x1a8 0x167 0x2d0005 0x0 0x1e719960 0x167 0x0 0x0 0x320004 0x0 0x1e719a10 0x167 0x0 0x0 0x350005 0x0 0x1e719a10 0x167 0x0 0x0 0x3e0007 0x167 0x98 0x0 0x450005 0x0 0x0 0x0 0x0 0x0 0x4a0007 0x0 0x38 0x0 0x4d0003 0x0 0x28 0x540002 0x0 0x5c0005 0x0 0x1e71a0c0 0x167 0x0 0x0 0x610004 0x0 0x1e71c6d0 0x98 0x1e71c780 0x1 0x6b0002 0x0 oops 11 2 com/android/tools/r8/ir/code/f 12 com/android/tools/r8/ir/code/f 18 com/android/tools/r8/ir/code/Argument 20 com/android/tools/r8/ir/code/s 27 com/android/tools/r8/ir/code/g 37 com/android/tools/r8/ir/code/g 43 com/android/tools/r8/ir/code/BasicBlock 49 com/android/tools/r8/ir/code/BasicBlock 74 com/android/tools/r8/ir/code/f 80 com/android/tools/r8/ir/code/s 82 com/android/tools/r8/ir/code/Goto
ciMethodData com/android/tools/r8/ir/code/IRCode instructionIterator ()Lcom/android/tools/r8/ir/code/InstructionIterator; 2 2396 orig 264 8 206 50 82 0 0 0 0 168 57 165 36 0 0 0 0 48 1 0 0 0 0 0 0 0 0 0 0 0 0 0 0 0 0 0 0 0 0 0 0 0 0 0 0 0 0 0 0 0 0 0 0 0 0 0 0 0 0 0 0 0 0 0 0 0 0 0 0 0 0 0 0 0 0 0 0 0 0 0 0 77 68 79 32 101 120 116 114 97 32 100 97 116 97 32 108 111 99 107 0 0 0 0 0 0 0 0 0 0 0 0 0 0 0 0 0 0 0 0 0 0 0 0 0 0 0 0 0 0 0 0 0 0 0 0 0 0 0 0 0 0 0 0 0 0 0 0 0 0 0 0 0 0 0 0 0 0 0 0 0 0 0 0 0 0 0 0 0 0 0 0 0 0 0 0 0 0 0 0 0 0 0 0 0 0 0 0 0 0 0 0 0 0 0 0 0 0 0 0 0 0 0 0 0 0 0 0 0 0 0 0 0 0 0 0 0 0 2 0 0 225 58 0 0 1 0 0 0 0 0 0 0 0 0 0 0 2 0 0 0 0 0 3 0 2 0 0 0 16 0 0 0 255 255 255 255 2 0 5 0 0 0 0 0 data 2 0x50002 0x75c oops 0
ciMethodData com/android/tools/r8/ir/code/B <init> (Lcom/android/tools/r8/ir/code/IRCode;)V 2 2657 orig 264 8 206 50 82 0 0 0 0 88 55 181 36 0 0 0 0 32 2 0 0 0 0 0 0 0 0 0 0 0 0 0 0 0 0 0 0 0 0 0 0 0 0 0 0 0 0 0 0 0 0 0 0 0 0 0 0 0 0 0 0 0 0 0 0 0 0 0 0 0 0 0 0 0 0 0 0 0 0 0 0 77 68 79 32 101 120 116 114 97 32 100 97 116 97 32 108 111 99 107 0 0 0 0 0 0 0 0 0 0 0 0 0 0 0 0 0 0 0 0 0 0 0 0 0 0 0 0 0 0 0 0 0 0 0 0 0 0 0 0 0 0 0 0 0 0 0 0 0 0 0 0 0 0 0 0 0 0 0 0 0 0 0 0 0 0 0 0 0 0 0 0 0 0 0 0 0 0 0 0 0 0 0 0 0 0 0 0 0 0 0 0 0 0 0 0 0 0 0 0 0 0 0 0 0 0 0 0 0 0 0 0 0 0 0 0 0 0 2 0 0 9 67 0 0 1 0 0 0 0 0 0 0 0 0 0 0 2 0 0 0 0 0 3 0 2 0 0 0 208 0 0 0 255 255 255 255 2 0 5 0 0 0 0 0 data 26 0x50002 0x861 0x80005 0x0 0x1e6a83a0 0x861 0x0 0x0 0x110005 0x0 0x1e719960 0x861 0x0 0x0 0x160004 0x0 0x1e719a10 0x22 0x0 0x0 0x190005 0x0 0x1e719a10 0x861 0x0 0x0 oops 4 4 com/android/tools/r8/ir/code/IRCode 10 com/android/tools/r8/ir/code/g 16 com/android/tools/r8/ir/code/BasicBlock 22 com/android/tools/r8/ir/code/BasicBlock
